app/build/intermediates/manifest_merge_blame_file/debug/processDebugMainManifest/manifest-merger-blame-debug-report.txt
1<?xml version="1.0" encoding="utf-8"?>
2<manifest xmlns:android="http://schemas.android.com/apk/res/android"
3    package="apincer.mobile.tradings"
4    android:versionCode="1"
5    android:versionName="1.0" >
6
7    <uses-sdk
7-->INJECTED
8        android:minSdkVersion="24"
8-->INJECTED
9        android:targetSdkVersion="37" />
9-->INJECTED
10
11    <uses-permission android:name="android.permission.INTERNET" />
11-->src/main/AndroidManifest.xml:4:5-67
11-->src/main/AndroidManifest.xml:4:22-64
12    <uses-permission android:name="android.permission.WAKE_LOCK" />
12-->[androidx.work:work-runtime:2.11.2] AndroidManifest.xml:23:5-68
12-->[androidx.work:work-runtime:2.11.2] AndroidManifest.xml:23:22-65
13    <uses-permission android:name="android.permission.ACCESS_NETWORK_STATE" />
13-->[androidx.work:work-runtime:2.11.2] AndroidManifest.xml:24:5-79
13-->[androidx.work:work-runtime:2.11.2] AndroidManifest.xml:24:22-76
14    <uses-permission android:name="android.permission.RECEIVE_BOOT_COMPLETED" />
14-->[androidx.work:work-runtime:2.11.2] AndroidManifest.xml:25:5-81
14-->[androidx.work:work-runtime:2.11.2] AndroidManifest.xml:25:22-78
15    <uses-permission android:name="android.permission.FOREGROUND_SERVICE" />
15-->[androidx.work:work-runtime:2.11.2] AndroidManifest.xml:26:5-77
15-->[androidx.work:work-runtime:2.11.2] AndroidManifest.xml:26:22-74
16
17    <permission
17-->[androidx.core:core:1.18.0] AndroidManifest.xml:22:5-24:47
18        android:name="apincer.mobile.tradings.DYNAMIC_RECEIVER_NOT_EXPORTED_PERMISSION"
18-->[androidx.core:core:1.18.0] AndroidManifest.xml:23:9-81
19        android:protectionLevel="signature" />
19-->[androidx.core:core:1.18.0] AndroidManifest.xml:24:9-44
20
21    <uses-permission android:name="apincer.mobile.tradings.DYNAMIC_RECEIVER_NOT_EXPORTED_PERMISSION" />
21-->[androidx.core:core:1.18.0] AndroidManifest.xml:26:5-97
21-->[androidx.core:core:1.18.0] AndroidManifest.xml:26:22-94
22
23    <application
23-->src/main/AndroidManifest.xml:6:5-23:19
24        android:allowBackup="true"
24-->src/main/AndroidManifest.xml:7:9-35
25        android:appComponentFactory="androidx.core.app.CoreComponentFactory"
25-->[androidx.core:core:1.18.0] AndroidManifest.xml:28:18-86
26        android:debuggable="true"
27        android:extractNativeLibs="false"
27-->INJECTED
28        android:icon="@mipmap/ic_launcher"
28-->src/main/AndroidManifest.xml:8:9-43
29        android:label="@string/app_name"
29-->src/main/AndroidManifest.xml:10:9-41
30        android:roundIcon="@mipmap/ic_launcher_round"
30-->src/main/AndroidManifest.xml:9:9-54
31        android:supportsRtl="true"
31-->src/main/AndroidManifest.xml:11:9-35
32        android:testOnly="true"
33        android:theme="@android:style/Theme.DeviceDefault.Light.NoActionBar" >
33-->src/main/AndroidManifest.xml:12:9-77
34        <activity
34-->src/main/AndroidManifest.xml:13:9-22:20
35            android:name="apincer.mobile.tradings.MainActivity"
35-->src/main/AndroidManifest.xml:14:13-41
36            android:exported="true"
36-->src/main/AndroidManifest.xml:15:13-36
37            android:label="@string/app_name"
37-->src/main/AndroidManifest.xml:16:13-45
38            android:theme="@android:style/Theme.DeviceDefault.Light.NoActionBar" >
38-->src/main/AndroidManifest.xml:17:13-81
39            <intent-filter>
39-->src/main/AndroidManifest.xml:18:13-21:29
40                <action android:name="android.intent.action.MAIN" />
40-->src/main/AndroidManifest.xml:19:17-69
40-->src/main/AndroidManifest.xml:19:25-66
41
42                <category android:name="android.intent.category.LAUNCHER" />
42-->src/main/AndroidManifest.xml:20:17-77
42-->src/main/AndroidManifest.xml:20:27-74
43            </intent-filter>
44        </activity>
45
46        <provider
46-->[androidx.work:work-runtime:2.11.2] AndroidManifest.xml:29:9-37:20
47            android:name="androidx.startup.InitializationProvider"
47-->[androidx.work:work-runtime:2.11.2] AndroidManifest.xml:30:13-67
48            android:authorities="apincer.mobile.tradings.androidx-startup"
48-->[androidx.work:work-runtime:2.11.2] AndroidManifest.xml:31:13-68
49            android:exported="false" >
49-->[androidx.work:work-runtime:2.11.2] AndroidManifest.xml:32:13-37
50            <meta-data
50-->[androidx.work:work-runtime:2.11.2] AndroidManifest.xml:34:13-36:52
51                android:name="androidx.work.WorkManagerInitializer"
51-->[androidx.work:work-runtime:2.11.2] AndroidManifest.xml:35:17-68
52                android:value="androidx.startup" />
52-->[androidx.work:work-runtime:2.11.2] AndroidManifest.xml:36:17-49
53            <meta-data
53-->[androidx.emoji2:emoji2:1.4.0] AndroidManifest.xml:29:13-31:52
54                android:name="androidx.emoji2.text.EmojiCompatInitializer"
54-->[androidx.emoji2:emoji2:1.4.0] AndroidManifest.xml:30:17-75
55                android:value="androidx.startup" />
55-->[androidx.emoji2:emoji2:1.4.0] AndroidManifest.xml:31:17-49
56            <meta-data
56-->[androidx.lifecycle:lifecycle-process:2.10.0] AndroidManifest.xml:29:13-31:52
57                android:name="androidx.lifecycle.ProcessLifecycleInitializer"
57-->[androidx.lifecycle:lifecycle-process:2.10.0] AndroidManifest.xml:30:17-78
58                android:value="androidx.startup" />
58-->[androidx.lifecycle:lifecycle-process:2.10.0] AndroidManifest.xml:31:17-49
59            <meta-data
59-->[com.squareup.okhttp3:okhttp-android:5.3.2] AndroidManifest.xml:16:13-18:52
60                android:name="okhttp3.internal.platform.PlatformInitializer"
60-->[com.squareup.okhttp3:okhttp-android:5.3.2] AndroidManifest.xml:17:17-77
61                android:value="androidx.startup" />
61-->[com.squareup.okhttp3:okhttp-android:5.3.2] AndroidManifest.xml:18:17-49
62            <meta-data
62-->[androidx.profileinstaller:profileinstaller:1.4.1] AndroidManifest.xml:29:13-31:52
63                android:name="androidx.profileinstaller.ProfileInstallerInitializer"
63-->[androidx.profileinstaller:profileinstaller:1.4.1] AndroidManifest.xml:30:17-85
64                android:value="androidx.startup" />
64-->[androidx.profileinstaller:profileinstaller:1.4.1] AndroidManifest.xml:31:17-49
65        </provider>
66
67        <service
67-->[androidx.work:work-runtime:2.11.2] AndroidManifest.xml:39:9-45:35
68            android:name="androidx.work.impl.background.systemjob.SystemJobService"
68-->[androidx.work:work-runtime:2.11.2] AndroidManifest.xml:40:13-84
69            android:directBootAware="false"
69-->[androidx.work:work-runtime:2.11.2] AndroidManifest.xml:41:13-44
70            android:enabled="@bool/enable_system_job_service_default"
70-->[androidx.work:work-runtime:2.11.2] AndroidManifest.xml:42:13-70
71            android:exported="true"
71-->[androidx.work:work-runtime:2.11.2] AndroidManifest.xml:43:13-36
72            android:permission="android.permission.BIND_JOB_SERVICE" />
72-->[androidx.work:work-runtime:2.11.2] AndroidManifest.xml:44:13-69
73        <service
73-->[androidx.work:work-runtime:2.11.2] AndroidManifest.xml:46:9-52:35
74            android:name="androidx.work.impl.foreground.SystemForegroundService"
74-->[androidx.work:work-runtime:2.11.2] AndroidManifest.xml:47:13-81
75            android:directBootAware="false"
75-->[androidx.work:work-runtime:2.11.2] AndroidManifest.xml:48:13-44
76            android:enabled="@bool/enable_system_foreground_service_default"
76-->[androidx.work:work-runtime:2.11.2] AndroidManifest.xml:49:13-77
77            android:exported="false" />
77-->[androidx.work:work-runtime:2.11.2] AndroidManifest.xml:50:13-37
78
79        <receiver
79-->[androidx.work:work-runtime:2.11.2] AndroidManifest.xml:54:9-59:35
80            android:name="androidx.work.impl.utils.ForceStopRunnable$BroadcastReceiver"
80-->[androidx.work:work-runtime:2.11.2] AndroidManifest.xml:55:13-88
81            android:directBootAware="false"
81-->[androidx.work:work-runtime:2.11.2] AndroidManifest.xml:56:13-44
82            android:enabled="true"
82-->[androidx.work:work-runtime:2.11.2] AndroidManifest.xml:57:13-35
83            android:exported="false" />
83-->[androidx.work:work-runtime:2.11.2] AndroidManifest.xml:58:13-37
84        <receiver
84-->[androidx.work:work-runtime:2.11.2] AndroidManifest.xml:60:9-69:20
85            android:name="androidx.work.impl.background.systemalarm.RescheduleReceiver"
85-->[androidx.work:work-runtime:2.11.2] AndroidManifest.xml:61:13-88
86            android:directBootAware="false"
86-->[androidx.work:work-runtime:2.11.2] AndroidManifest.xml:62:13-44
87            android:enabled="false"
87-->[androidx.work:work-runtime:2.11.2] AndroidManifest.xml:63:13-36
88            android:exported="false" >
88-->[androidx.work:work-runtime:2.11.2] AndroidManifest.xml:64:13-37
89            <intent-filter>
89-->[androidx.work:work-runtime:2.11.2] AndroidManifest.xml:66:13-68:29
90                <action android:name="android.intent.action.BOOT_COMPLETED" />
90-->[androidx.work:work-runtime:2.11.2] AndroidManifest.xml:67:17-79
90-->[androidx.work:work-runtime:2.11.2] AndroidManifest.xml:67:25-76
91            </intent-filter>
92        </receiver>
93        <receiver
93-->[androidx.work:work-runtime:2.11.2] AndroidManifest.xml:70:9-80:20
94            android:name="androidx.work.impl.diagnostics.DiagnosticsReceiver"
94-->[androidx.work:work-runtime:2.11.2] AndroidManifest.xml:71:13-78
95            android:directBootAware="false"
95-->[androidx.work:work-runtime:2.11.2] AndroidManifest.xml:72:13-44
96            android:enabled="true"
96-->[androidx.work:work-runtime:2.11.2] AndroidManifest.xml:73:13-35
97            android:exported="true"
97-->[androidx.work:work-runtime:2.11.2] AndroidManifest.xml:74:13-36
98            android:permission="android.permission.DUMP" >
98-->[androidx.work:work-runtime:2.11.2] AndroidManifest.xml:75:13-57
99            <intent-filter>
99-->[androidx.work:work-runtime:2.11.2] AndroidManifest.xml:77:13-79:29
100                <action android:name="androidx.work.diagnostics.REQUEST_DIAGNOSTICS" />
100-->[androidx.work:work-runtime:2.11.2] AndroidManifest.xml:78:17-88
100-->[androidx.work:work-runtime:2.11.2] AndroidManifest.xml:78:25-85
101            </intent-filter>
102        </receiver>
103
104        <activity
104-->[androidx.compose.ui:ui-tooling-android:1.11.1] AndroidManifest.xml:23:9-25:39
105            android:name="androidx.compose.ui.tooling.PreviewActivity"
105-->[androidx.compose.ui:ui-tooling-android:1.11.1] AndroidManifest.xml:24:13-71
106            android:exported="true" />
106-->[androidx.compose.ui:ui-tooling-android:1.11.1] AndroidManifest.xml:25:13-36
107
108        <uses-library
108-->[androidx.window:window:1.5.0] AndroidManifest.xml:23:9-25:40
109            android:name="androidx.window.extensions"
109-->[androidx.window:window:1.5.0] AndroidManifest.xml:24:13-54
110            android:required="false" />
110-->[androidx.window:window:1.5.0] AndroidManifest.xml:25:13-37
111        <uses-library
111-->[androidx.window:window:1.5.0] AndroidManifest.xml:26:9-28:40
112            android:name="androidx.window.sidecar"
112-->[androidx.window:window:1.5.0] AndroidManifest.xml:27:13-51
113            android:required="false" />
113-->[androidx.window:window:1.5.0] AndroidManifest.xml:28:13-37
114
115        <activity
115-->[androidx.compose.ui:ui-test-manifest:1.11.1] AndroidManifest.xml:23:9-26:79
116            android:name="androidx.activity.ComponentActivity"
116-->[androidx.compose.ui:ui-test-manifest:1.11.1] AndroidManifest.xml:24:13-63
117            android:exported="true"
117-->[androidx.compose.ui:ui-test-manifest:1.11.1] AndroidManifest.xml:25:13-36
118            android:theme="@android:style/Theme.Material.Light.NoActionBar" />
118-->[androidx.compose.ui:ui-test-manifest:1.11.1] AndroidManifest.xml:26:13-76
119
120        <service
120-->[androidx.room:room-runtime-android:2.8.4] AndroidManifest.xml:24:9-28:63
121            android:name="androidx.room.MultiInstanceInvalidationService"
121-->[androidx.room:room-runtime-android:2.8.4] AndroidManifest.xml:25:13-74
122            android:directBootAware="true"
122-->[androidx.room:room-runtime-android:2.8.4] AndroidManifest.xml:26:13-43
123            android:exported="false" />
123-->[androidx.room:room-runtime-android:2.8.4] AndroidManifest.xml:27:13-37
124
125        <receiver
125-->[androidx.profileinstaller:profileinstaller:1.4.1] AndroidManifest.xml:34:9-52:20
126            android:name="androidx.profileinstaller.ProfileInstallReceiver"
126-->[androidx.profileinstaller:profileinstaller:1.4.1] AndroidManifest.xml:35:13-76
127            android:directBootAware="false"
127-->[androidx.profileinstaller:profileinstaller:1.4.1] AndroidManifest.xml:36:13-44
128            android:enabled="true"
128-->[androidx.profileinstaller:profileinstaller:1.4.1] AndroidManifest.xml:37:13-35
129            android:exported="true"
129-->[androidx.profileinstaller:profileinstaller:1.4.1] AndroidManifest.xml:38:13-36
130            android:permission="android.permission.DUMP" >
130-->[androidx.profileinstaller:profileinstaller:1.4.1] AndroidManifest.xml:39:13-57
131            <intent-filter>
131-->[androidx.profileinstaller:profileinstaller:1.4.1] AndroidManifest.xml:40:13-42:29
132                <action android:name="androidx.profileinstaller.action.INSTALL_PROFILE" />
132-->[androidx.profileinstaller:profileinstaller:1.4.1] AndroidManifest.xml:41:17-91
132-->[androidx.profileinstaller:profileinstaller:1.4.1] AndroidManifest.xml:41:25-88
133            </intent-filter>
134            <intent-filter>
134-->[androidx.profileinstaller:profileinstaller:1.4.1] AndroidManifest.xml:43:13-45:29
135                <action android:name="androidx.profileinstaller.action.SKIP_FILE" />
135-->[androidx.profileinstaller:profileinstaller:1.4.1] AndroidManifest.xml:44:17-85
135-->[androidx.profileinstaller:profileinstaller:1.4.1] AndroidManifest.xml:44:25-82
136            </intent-filter>
137            <intent-filter>
137-->[androidx.profileinstaller:profileinstaller:1.4.1] AndroidManifest.xml:46:13-48:29
138                <action android:name="androidx.profileinstaller.action.SAVE_PROFILE" />
138-->[androidx.profileinstaller:profileinstaller:1.4.1] AndroidManifest.xml:47:17-88
138-->[androidx.profileinstaller:profileinstaller:1.4.1] AndroidManifest.xml:47:25-85
139            </intent-filter>
140            <intent-filter>
140-->[androidx.profileinstaller:profileinstaller:1.4.1] AndroidManifest.xml:49:13-51:29
141                <action android:name="androidx.profileinstaller.action.BENCHMARK_OPERATION" />
141-->[androidx.profileinstaller:profileinstaller:1.4.1] AndroidManifest.xml:50:17-95
141-->[androidx.profileinstaller:profileinstaller:1.4.1] AndroidManifest.xml:50:25-92
142            </intent-filter>
143        </receiver>
144    </application>
145
146</manifest>